[GET /responsible-user/options] error: error: column "display_name" does not exist
    at C:\Users\USER\Desktop\CODE\designer\node_modules\pg-pool\index.js:45:11
    at process.processTicksAndRejections (node:internal/process/task_queues:105:5)
    at async C:\Users\USER\Desktop\CODE\designer\routes\responsibleuser.js:39:20 {
  length: 113,
  severity: 'ERROR',
  code: '42703',
  detail: undefined,
  hint: undefined,
  position: '154',
  internalPosition: undefined,
  internalQuery: undefined,
  where: undefined,
  schema: undefined,
  table: undefined,
  column: undefined,
  dataType: undefined,
  constraint: undefined,
  file: 'parse_relation.c',
  line: '3721',
  routine: 'errorMissingColumn'
}
[GET /responsible-user/options] error: error: column "display_name" does not exist
    at C:\Users\USER\Desktop\CODE\designer\node_modules\pg-pool\index.js:45:11
    at process.processTicksAndRejections (node:internal/process/task_queues:105:5)
    at async C:\Users\USER\Desktop\CODE\designer\routes\responsibleuser.js:39:20 {
  length: 113,
  severity: 'ERROR',
  code: '42703',
  detail: undefined,
  hint: undefined,
  position: '154',
  internalPosition: undefined,
  internalQuery: undefined,
  where: undefined,
  schema: undefined,
  table: undefined,
  column: undefined,
  dataType: undefined,
  constraint: undefined,
  file: 'parse_relation.c',
  line: '3721',
  routine: 'errorMissingColumn'
}
[GET /responsible-user/options] error: error: column "display_name" does not exist
    at C:\Users\USER\Desktop\CODE\designer\node_modules\pg-pool\index.js:45:11
    at process.processTicksAndRejections (node:internal/process/task_queues:105:5)
    at async C:\Users\USER\Desktop\CODE\designer\routes\responsibleuser.js:39:20 {
  length: 113,
  severity: 'ERROR',
  code: '42703',
  detail: undefined,
  hint: undefined,
  position: '154',
  internalPosition: undefined,
  internalQuery: undefined,
  where: undefined,
  schema: undefined,
  table: undefined,
  column: undefined,
  dataType: undefined,
  constraint: undefined,
  file: 'parse_relation.c',
  line: '3721',
  routine: 'errorMissingColumn'
}
[GET /responsible-user/options] error: error: column "display_name" does not exist
    at C:\Users\USER\Desktop\CODE\designer\node_modules\pg-pool\index.js:45:11
    at process.processTicksAndRejections (node:internal/process/task_queues:105:5)
    at async C:\Users\USER\Desktop\CODE\designer\routes\responsibleuser.js:39:20 {
  length: 113,
  severity: 'ERROR',
  code: '42703',
  detail: undefined,
  hint: undefined,
  position: '154',
  internalPosition: undefined,
  internalQuery: undefined,
  where: undefined,
  schema: undefined,
  table: undefined,
  column: undefined,
  dataType: undefined,
  constraint: undefined,
  file: 'parse_relation.c',
  line: '3721',
  routine: 'errorMissingColumn'
}
[GET /responsible-user/options] error: error: column "display_name" does not exist
    at C:\Users\USER\Desktop\CODE\designer\node_modules\pg-pool\index.js:45:11
    at process.processTicksAndRejections (node:internal/process/task_queues:105:5)
    at async C:\Users\USER\Desktop\CODE\designer\routes\responsibleuser.js:39:20 {
  length: 113,
  severity: 'ERROR',
  code: '42703',
  detail: undefined,
  hint: undefined,
  position: '154',
  internalPosition: undefined,
  internalQuery: undefined,
  where: undefined,
  schema: undefined,
  table: undefined,
  column: undefined,
  dataType: undefined,
  constraint: undefined,
  file: 'parse_relation.c',
  line: '3721',
  routine: 'errorMissingColumn'
}
[GET /responsible-user/options] error: error: column "display_name" does not exist
    at C:\Users\USER\Desktop\CODE\designer\node_modules\pg-pool\index.js:45:11
    at process.processTicksAndRejections (node:internal/process/task_queues:105:5)
    at async C:\Users\USER\Desktop\CODE\designer\routes\responsibleuser.js:39:20 {
  length: 113,
  severity: 'ERROR',
  code: '42703',
  detail: undefined,
  hint: undefined,
  position: '154',
  internalPosition: undefined,
  internalQuery: undefined,
  where: undefined,
  schema: undefined,
  table: undefined,
  column: undefined,
  dataType: undefined,
  constraint: undefined,
  file: 'parse_relation.c',
  line: '3721',
  routine: 'errorMissingColumn'
}
