[GET /api/projects] failed: TypeError: params.Number is not a function
    at C:\Users\USER\Desktop\CODE\designer\routes\projects.js:143:14
    at Layer.handleRequest (C:\Users\USER\Desktop\CODE\designer\node_modules\router\lib\layer.js:152:17)
    at next (C:\Users\USER\Desktop\CODE\designer\node_modules\router\lib\route.js:157:13)
    at Route.dispatch (C:\Users\USER\Desktop\CODE\designer\node_modules\router\lib\route.js:117:3)
    at handle (C:\Users\USER\Desktop\CODE\designer\node_modules\router\index.js:435:11)
    at Layer.handleRequest (C:\Users\USER\Desktop\CODE\designer\node_modules\router\lib\layer.js:152:17)
    at C:\Users\USER\Desktop\CODE\designer\node_modules\router\index.js:295:15
    at processParams (C:\Users\USER\Desktop\CODE\designer\node_modules\router\index.js:582:12)
    at next (C:\Users\USER\Desktop\CODE\designer\node_modules\router\index.js:291:5)
    at router.handle (C:\Users\USER\Desktop\CODE\designer\node_modules\router\index.js:186:3)
[GET /api/projects] failed: TypeError: params.Number is not a function
    at C:\Users\USER\Desktop\CODE\designer\routes\projects.js:143:14
    at Layer.handleRequest (C:\Users\USER\Desktop\CODE\designer\node_modules\router\lib\layer.js:152:17)
    at next (C:\Users\USER\Desktop\CODE\designer\node_modules\router\lib\route.js:157:13)
    at Route.dispatch (C:\Users\USER\Desktop\CODE\designer\node_modules\router\lib\route.js:117:3)
    at handle (C:\Users\USER\Desktop\CODE\designer\node_modules\router\index.js:435:11)
    at Layer.handleRequest (C:\Users\USER\Desktop\CODE\designer\node_modules\router\lib\layer.js:152:17)
    at C:\Users\USER\Desktop\CODE\designer\node_modules\router\index.js:295:15
    at processParams (C:\Users\USER\Desktop\CODE\designer\node_modules\router\index.js:582:12)
    at next (C:\Users\USER\Desktop\CODE\designer\node_modules\router\index.js:291:5)
    at router.handle (C:\Users\USER\Desktop\CODE\designer\node_modules\router\index.js:186:3)
[GET /api/projects] failed: TypeError: params.Number is not a function
    at C:\Users\USER\Desktop\CODE\designer\routes\projects.js:143:14
    at Layer.handleRequest (C:\Users\USER\Desktop\CODE\designer\node_modules\router\lib\layer.js:152:17)
    at next (C:\Users\USER\Desktop\CODE\designer\node_modules\router\lib\route.js:157:13)
    at Route.dispatch (C:\Users\USER\Desktop\CODE\designer\node_modules\router\lib\route.js:117:3)
    at handle (C:\Users\USER\Desktop\CODE\designer\node_modules\router\index.js:435:11)
    at Layer.handleRequest (C:\Users\USER\Desktop\CODE\designer\node_modules\router\lib\layer.js:152:17)
    at C:\Users\USER\Desktop\CODE\designer\node_modules\router\index.js:295:15
    at processParams (C:\Users\USER\Desktop\CODE\designer\node_modules\router\index.js:582:12)
    at next (C:\Users\USER\Desktop\CODE\designer\node_modules\router\index.js:291:5)
    at router.handle (C:\Users\USER\Desktop\CODE\designer\node_modules\router\index.js:186:3)
[GET /api/projects] failed: TypeError: params.Number is not a function
    at C:\Users\USER\Desktop\CODE\designer\routes\projects.js:143:14
    at Layer.handleRequest (C:\Users\USER\Desktop\CODE\designer\node_modules\router\lib\layer.js:152:17)
    at next (C:\Users\USER\Desktop\CODE\designer\node_modules\router\lib\route.js:157:13)
    at Route.dispatch (C:\Users\USER\Desktop\CODE\designer\node_modules\router\lib\route.js:117:3)
    at handle (C:\Users\USER\Desktop\CODE\designer\node_modules\router\index.js:435:11)
    at Layer.handleRequest (C:\Users\USER\Desktop\CODE\designer\node_modules\router\lib\layer.js:152:17)
    at C:\Users\USER\Desktop\CODE\designer\node_modules\router\index.js:295:15
    at processParams (C:\Users\USER\Desktop\CODE\designer\node_modules\router\index.js:582:12)
    at next (C:\Users\USER\Desktop\CODE\designer\node_modules\router\index.js:291:5)
    at router.handle (C:\Users\USER\Desktop\CODE\designer\node_modules\router\index.js:186:3)
[GET /api/projects] failed: TypeError: params.Number is not a function
    at C:\Users\USER\Desktop\CODE\designer\routes\projects.js:143:14
    at Layer.handleRequest (C:\Users\USER\Desktop\CODE\designer\node_modules\router\lib\layer.js:152:17)
    at next (C:\Users\USER\Desktop\CODE\designer\node_modules\router\lib\route.js:157:13)
    at Route.dispatch (C:\Users\USER\Desktop\CODE\designer\node_modules\router\lib\route.js:117:3)
    at handle (C:\Users\USER\Desktop\CODE\designer\node_modules\router\index.js:435:11)
    at Layer.handleRequest (C:\Users\USER\Desktop\CODE\designer\node_modules\router\lib\layer.js:152:17)
    at C:\Users\USER\Desktop\CODE\designer\node_modules\router\index.js:295:15
    at processParams (C:\Users\USER\Desktop\CODE\designer\node_modules\router\index.js:582:12)
    at next (C:\Users\USER\Desktop\CODE\designer\node_modules\router\index.js:291:5)
    at router.handle (C:\Users\USER\Desktop\CODE\designer\node_modules\router\index.js:186:3)
