[dotenv@17.2.2] injecting env (4) from .env -- tip: ⚙️  specify custom .env file path with { path: '/custom/path/.env' }
[BOOT main] pid: 2672 cwd: C:\Users\USER\Desktop\CODE\designer
[routes] responsibleuser loaded
[ENV] { NODE_ENV: undefined, isProd: false }
API on http://0.0.0.0:3000 [build:1760522526776]
   Try: /health
   Try: /api/db/ping
[DB] Connected successfully ✅
[0mGET /login.html [36m304[0m 2.898 ms - -[0m
[attachUser] headers.cookie = auth=eyJhbGciOiJIUzI1NiIsInR5cCI6IkpXVCJ9.eyJpZCI6IjEiLCJ1c2VybmFtZSI6Ikxpc2EiLCJyb2xlIjoiYWRtaW4iLCJ0diI6MSwiaWF0IjoxNzYwNTIyNTAxLCJleHAiOjE3NjExMjczMDF9.r5cwX7pCqQEZfmp0mkd4C8Nkxpo8tdDbcQnTTTkhIvE
[attachUser] extracted token? true
[attachUser] jwt payload = {
  id: '1',
  username: 'Lisa',
  role: 'admin',
  tv: 1,
  iat: 1760522501,
  exp: 1761127301
}
[attachUser] db rows len = 1  first = {
  id: '1',
  username: 'Lisa',
  role_id: 1,
  token_version: 1,
  role_code: 'admin',
  role_label: '系統管理員'
}
[0mPOST /api/auth/login [32m200[0m 248.030 ms - 377[0m
[0mGET /home.html?username=Lisa [36m304[0m 0.335 ms - -[0m
[attachUser] headers.cookie = auth=eyJhbGciOiJIUzI1NiIsInR5cCI6IkpXVCJ9.eyJpZCI6IjEiLCJ1c2VybmFtZSI6Ikxpc2EiLCJyb2xlIjoiYWRtaW4iLCJ0diI6MSwiaWF0IjoxNzYwNTIyNTQ1LCJleHAiOjE3NjExMjczNDV9.VptpVDHWiFoxx6HDkU5GrvhwMX2LXxVCnwTWRzAzSbc
[attachUser] extracted token? true
[attachUser] jwt payload = {
  id: '1',
  username: 'Lisa',
  role: 'admin',
  tv: 1,
  iat: 1760522545,
  exp: 1761127345
}
[attachUser] db rows len = 1  first = {
  id: '1',
  username: 'Lisa',
  role_id: 1,
  token_version: 1,
  role_code: 'admin',
  role_label: '系統管理員'
}
[0mGET /api/auth/me [36m304[0m 2.498 ms - -[0m
[attachUser] headers.cookie = auth=eyJhbGciOiJIUzI1NiIsInR5cCI6IkpXVCJ9.eyJpZCI6IjEiLCJ1c2VybmFtZSI6Ikxpc2EiLCJyb2xlIjoiYWRtaW4iLCJ0diI6MSwiaWF0IjoxNzYwNTIyNTQ1LCJleHAiOjE3NjExMjczNDV9.VptpVDHWiFoxx6HDkU5GrvhwMX2LXxVCnwTWRzAzSbc
[attachUser] extracted token? true
[attachUser] jwt payload = {
  id: '1',
  username: 'Lisa',
  role: 'admin',
  tv: 1,
  iat: 1760522545,
  exp: 1761127345
}
[attachUser] db rows len = 1  first = {
  id: '1',
  username: 'Lisa',
  role_id: 1,
  token_version: 1,
  role_code: 'admin',
  role_label: '系統管理員'
}
[0mGET /api/projects [36m304[0m 4.538 ms - -[0m
[attachUser] headers.cookie = auth=eyJhbGciOiJIUzI1NiIsInR5cCI6IkpXVCJ9.eyJpZCI6IjEiLCJ1c2VybmFtZSI6Ikxpc2EiLCJyb2xlIjoiYWRtaW4iLCJ0diI6MSwiaWF0IjoxNzYwNTIyNTQ1LCJleHAiOjE3NjExMjczNDV9.VptpVDHWiFoxx6HDkU5GrvhwMX2LXxVCnwTWRzAzSbc
[attachUser] extracted token? true
[attachUser] jwt payload = {
  id: '1',
  username: 'Lisa',
  role: 'admin',
  tv: 1,
  iat: 1760522545,
  exp: 1761127345
}
[attachUser] db rows len = 1  first = {
  id: '1',
  username: 'Lisa',
  role_id: 1,
  token_version: 1,
  role_code: 'admin',
  role_label: '系統管理員'
}
[0mPOST /api/auth/logout [32m200[0m 37.524 ms - 11[0m
[0mGET /login.html [36m304[0m 0.236 ms - -[0m
[attachUser] headers.cookie = null
[attachUser] extracted token? false
[0mPOST /api/auth/login [32m200[0m 197.141 ms - 389[0m
[0mGET /home.html?username=Harrison [36m304[0m 0.299 ms - -[0m
[attachUser] headers.cookie = auth=eyJhbGciOiJIUzI1NiIsInR5cCI6IkpXVCJ9.eyJpZCI6IjIiLCJ1c2VybmFtZSI6IkhhcnJpc29uIiwicm9sZSI6Im1lbWJlciIsInR2IjowLCJpYXQiOjE3NjA1MjI1OTAsImV4cCI6MTc2MTEyNzM5MH0.C0pPJiFv5J37IEi8MimYEmW5_HJMd4iGliHV9KDudEE
[attachUser] extracted token? true
[attachUser] jwt payload = {
  id: '2',
  username: 'Harrison',
  role: 'member',
  tv: 0,
  iat: 1760522590,
  exp: 1761127390
}
[attachUser] db rows len = 1  first = {
  id: '2',
  username: 'Harrison',
  role_id: 2,
  token_version: 0,
  role_code: 'member',
  role_label: '一般會員'
}
[0mGET /api/auth/me [32m200[0m 3.021 ms - 67[0m
[attachUser] headers.cookie = auth=eyJhbGciOiJIUzI1NiIsInR5cCI6IkpXVCJ9.eyJpZCI6IjIiLCJ1c2VybmFtZSI6IkhhcnJpc29uIiwicm9sZSI6Im1lbWJlciIsInR2IjowLCJpYXQiOjE3NjA1MjI1OTAsImV4cCI6MTc2MTEyNzM5MH0.C0pPJiFv5J37IEi8MimYEmW5_HJMd4iGliHV9KDudEE
[attachUser] extracted token? true
[attachUser] jwt payload = {
  id: '2',
  username: 'Harrison',
  role: 'member',
  tv: 0,
  iat: 1760522590,
  exp: 1761127390
}
[attachUser] db rows len = 1  first = {
  id: '2',
  username: 'Harrison',
  role_id: 2,
  token_version: 0,
  role_code: 'member',
  role_label: '一般會員'
}
[0mGET /api/projects [31m500[0m 3.800 ms - 80[0m
[attachUser] headers.cookie = auth=eyJhbGciOiJIUzI1NiIsInR5cCI6IkpXVCJ9.eyJpZCI6IjIiLCJ1c2VybmFtZSI6IkhhcnJpc29uIiwicm9sZSI6Im1lbWJlciIsInR2IjowLCJpYXQiOjE3NjA1MjI1OTAsImV4cCI6MTc2MTEyNzM5MH0.C0pPJiFv5J37IEi8MimYEmW5_HJMd4iGliHV9KDudEE
[attachUser] extracted token? true
[attachUser] jwt payload = {
  id: '2',
  username: 'Harrison',
  role: 'member',
  tv: 0,
  iat: 1760522590,
  exp: 1761127390
}
[attachUser] db rows len = 1  first = {
  id: '2',
  username: 'Harrison',
  role_id: 2,
  token_version: 0,
  role_code: 'member',
  role_label: '一般會員'
}
[0mPOST /api/auth/logout [32m200[0m 36.768 ms - 11[0m
[0mGET /login.html [36m304[0m 0.287 ms - -[0m
[attachUser] headers.cookie = null
[attachUser] extracted token? false
[0mPOST /api/auth/login [32m200[0m 196.574 ms - 377[0m
[0mGET /home.html?username=Lisa [36m304[0m 0.312 ms - -[0m
[attachUser] headers.cookie = auth=eyJhbGciOiJIUzI1NiIsInR5cCI6IkpXVCJ9.eyJpZCI6IjEiLCJ1c2VybmFtZSI6Ikxpc2EiLCJyb2xlIjoiYWRtaW4iLCJ0diI6MSwiaWF0IjoxNzYwNTIyNjA2LCJleHAiOjE3NjExMjc0MDZ9.1FDeyUd5kPgjHDwhSn0iWXj7TymuGdJzZc3bbmvw1Ko
[attachUser] extracted token? true
[attachUser] jwt payload = {
  id: '1',
  username: 'Lisa',
  role: 'admin',
  tv: 1,
  iat: 1760522606,
  exp: 1761127406
}
[attachUser] db rows len = 1  first = {
  id: '1',
  username: 'Lisa',
  role_id: 1,
  token_version: 1,
  role_code: 'admin',
  role_label: '系統管理員'
}
[0mGET /api/auth/me [32m200[0m 2.537 ms - 62[0m
[attachUser] headers.cookie = auth=eyJhbGciOiJIUzI1NiIsInR5cCI6IkpXVCJ9.eyJpZCI6IjEiLCJ1c2VybmFtZSI6Ikxpc2EiLCJyb2xlIjoiYWRtaW4iLCJ0diI6MSwiaWF0IjoxNzYwNTIyNjA2LCJleHAiOjE3NjExMjc0MDZ9.1FDeyUd5kPgjHDwhSn0iWXj7TymuGdJzZc3bbmvw1Ko
[attachUser] extracted token? true
[attachUser] jwt payload = {
  id: '1',
  username: 'Lisa',
  role: 'admin',
  tv: 1,
  iat: 1760522606,
  exp: 1761127406
}
[attachUser] db rows len = 1  first = {
  id: '1',
  username: 'Lisa',
  role_id: 1,
  token_version: 1,
  role_code: 'admin',
  role_label: '系統管理員'
}
[0mGET /api/projects [32m200[0m 4.404 ms - 1377[0m
[attachUser] headers.cookie = auth=eyJhbGciOiJIUzI1NiIsInR5cCI6IkpXVCJ9.eyJpZCI6IjEiLCJ1c2VybmFtZSI6Ikxpc2EiLCJyb2xlIjoiYWRtaW4iLCJ0diI6MSwiaWF0IjoxNzYwNTIyNjA2LCJleHAiOjE3NjExMjc0MDZ9.1FDeyUd5kPgjHDwhSn0iWXj7TymuGdJzZc3bbmvw1Ko
[attachUser] extracted token? true
[attachUser] jwt payload = {
  id: '1',
  username: 'Lisa',
  role: 'admin',
  tv: 1,
  iat: 1760522606,
  exp: 1761127406
}
[attachUser] db rows len = 1  first = {
  id: '1',
  username: 'Lisa',
  role_id: 1,
  token_version: 1,
  role_code: 'admin',
  role_label: '系統管理員'
}
[0mPOST /api/auth/logout [32m200[0m 1.114 ms - 11[0m
[0mGET /login.html [36m304[0m 0.287 ms - -[0m
[attachUser] headers.cookie = null
[attachUser] extracted token? false
[0mPOST /api/auth/login [32m200[0m 196.287 ms - 389[0m
[0mGET /home.html?username=Harrison [36m304[0m 0.289 ms - -[0m
[attachUser] headers.cookie = auth=eyJhbGciOiJIUzI1NiIsInR5cCI6IkpXVCJ9.eyJpZCI6IjIiLCJ1c2VybmFtZSI6IkhhcnJpc29uIiwicm9sZSI6Im1lbWJlciIsInR2IjowLCJpYXQiOjE3NjA1MjI2MTYsImV4cCI6MTc2MTEyNzQxNn0.c7p0IqzJHGu7XqeHf2CppUwXQxFnfgvo5Fzjk8A30Iw
[attachUser] extracted token? true
[attachUser] jwt payload = {
  id: '2',
  username: 'Harrison',
  role: 'member',
  tv: 0,
  iat: 1760522616,
  exp: 1761127416
}
[attachUser] db rows len = 1  first = {
  id: '2',
  username: 'Harrison',
  role_id: 2,
  token_version: 0,
  role_code: 'member',
  role_label: '一般會員'
}
[0mGET /api/auth/me [32m200[0m 3.187 ms - 67[0m
[attachUser] headers.cookie = auth=eyJhbGciOiJIUzI1NiIsInR5cCI6IkpXVCJ9.eyJpZCI6IjIiLCJ1c2VybmFtZSI6IkhhcnJpc29uIiwicm9sZSI6Im1lbWJlciIsInR2IjowLCJpYXQiOjE3NjA1MjI2MTYsImV4cCI6MTc2MTEyNzQxNn0.c7p0IqzJHGu7XqeHf2CppUwXQxFnfgvo5Fzjk8A30Iw
[attachUser] extracted token? true
[attachUser] jwt payload = {
  id: '2',
  username: 'Harrison',
  role: 'member',
  tv: 0,
  iat: 1760522616,
  exp: 1761127416
}
[attachUser] db rows len = 1  first = {
  id: '2',
  username: 'Harrison',
  role_id: 2,
  token_version: 0,
  role_code: 'member',
  role_label: '一般會員'
}
[0mGET /api/projects [31m500[0m 1.623 ms - 80[0m
[attachUser] headers.cookie = auth=eyJhbGciOiJIUzI1NiIsInR5cCI6IkpXVCJ9.eyJpZCI6IjIiLCJ1c2VybmFtZSI6IkhhcnJpc29uIiwicm9sZSI6Im1lbWJlciIsInR2IjowLCJpYXQiOjE3NjA1MjI2MTYsImV4cCI6MTc2MTEyNzQxNn0.c7p0IqzJHGu7XqeHf2CppUwXQxFnfgvo5Fzjk8A30Iw
[attachUser] extracted token? true
[attachUser] jwt payload = {
  id: '2',
  username: 'Harrison',
  role: 'member',
  tv: 0,
  iat: 1760522616,
  exp: 1761127416
}
[attachUser] db rows len = 1  first = {
  id: '2',
  username: 'Harrison',
  role_id: 2,
  token_version: 0,
  role_code: 'member',
  role_label: '一般會員'
}
[0mGET /api/_whoami [32m200[0m 1.463 ms - 161[0m
[attachUser] headers.cookie = auth=eyJhbGciOiJIUzI1NiIsInR5cCI6IkpXVCJ9.eyJpZCI6IjIiLCJ1c2VybmFtZSI6IkhhcnJpc29uIiwicm9sZSI6Im1lbWJlciIsInR2IjowLCJpYXQiOjE3NjA1MjI2MTYsImV4cCI6MTc2MTEyNzQxNn0.c7p0IqzJHGu7XqeHf2CppUwXQxFnfgvo5Fzjk8A30Iw
[attachUser] extracted token? true
[attachUser] jwt payload = {
  id: '2',
  username: 'Harrison',
  role: 'member',
  tv: 0,
  iat: 1760522616,
  exp: 1761127416
}
[attachUser] db rows len = 1  first = {
  id: '2',
  username: 'Harrison',
  role_id: 2,
  token_version: 0,
  role_code: 'member',
  role_label: '一般會員'
}
[0mGET /api/_whoami [36m304[0m 1.317 ms - -[0m
[attachUser] headers.cookie = auth=eyJhbGciOiJIUzI1NiIsInR5cCI6IkpXVCJ9.eyJpZCI6IjIiLCJ1c2VybmFtZSI6IkhhcnJpc29uIiwicm9sZSI6Im1lbWJlciIsInR2IjowLCJpYXQiOjE3NjA1MjI2MTYsImV4cCI6MTc2MTEyNzQxNn0.c7p0IqzJHGu7XqeHf2CppUwXQxFnfgvo5Fzjk8A30Iw
[attachUser] extracted token? true
[attachUser] jwt payload = {
  id: '2',
  username: 'Harrison',
  role: 'member',
  tv: 0,
  iat: 1760522616,
  exp: 1761127416
}
[attachUser] db rows len = 1  first = {
  id: '2',
  username: 'Harrison',
  role_id: 2,
  token_version: 0,
  role_code: 'member',
  role_label: '一般會員'
}
[0mPOST /api/auth/logout [32m200[0m 1.066 ms - 11[0m
[0mGET /login.html [36m304[0m 0.241 ms - -[0m
[attachUser] headers.cookie = null
[attachUser] extracted token? false
[0mPOST /api/auth/login [32m200[0m 196.845 ms - 377[0m
[0mGET /home.html?username=Lisa [36m304[0m 0.307 ms - -[0m
[attachUser] headers.cookie = auth=eyJhbGciOiJIUzI1NiIsInR5cCI6IkpXVCJ9.eyJpZCI6IjEiLCJ1c2VybmFtZSI6Ikxpc2EiLCJyb2xlIjoiYWRtaW4iLCJ0diI6MSwiaWF0IjoxNzYwNTIyNjMwLCJleHAiOjE3NjExMjc0MzB9.gpIBNFMcZVX8t4nRJ7fHwBaBbekZpMOBx-ksmXBJwig
[attachUser] extracted token? true
[attachUser] jwt payload = {
  id: '1',
  username: 'Lisa',
  role: 'admin',
  tv: 1,
  iat: 1760522630,
  exp: 1761127430
}
[attachUser] db rows len = 1  first = {
  id: '1',
  username: 'Lisa',
  role_id: 1,
  token_version: 1,
  role_code: 'admin',
  role_label: '系統管理員'
}
[0mGET /api/auth/me [32m200[0m 2.799 ms - 62[0m
[attachUser] headers.cookie = auth=eyJhbGciOiJIUzI1NiIsInR5cCI6IkpXVCJ9.eyJpZCI6IjEiLCJ1c2VybmFtZSI6Ikxpc2EiLCJyb2xlIjoiYWRtaW4iLCJ0diI6MSwiaWF0IjoxNzYwNTIyNjMwLCJleHAiOjE3NjExMjc0MzB9.gpIBNFMcZVX8t4nRJ7fHwBaBbekZpMOBx-ksmXBJwig
[attachUser] extracted token? true
[attachUser] jwt payload = {
  id: '1',
  username: 'Lisa',
  role: 'admin',
  tv: 1,
  iat: 1760522630,
  exp: 1761127430
}
[attachUser] db rows len = 1  first = {
  id: '1',
  username: 'Lisa',
  role_id: 1,
  token_version: 1,
  role_code: 'admin',
  role_label: '系統管理員'
}
[0mGET /api/projects [32m200[0m 1.520 ms - 1377[0m
[attachUser] headers.cookie = auth=eyJhbGciOiJIUzI1NiIsInR5cCI6IkpXVCJ9.eyJpZCI6IjEiLCJ1c2VybmFtZSI6Ikxpc2EiLCJyb2xlIjoiYWRtaW4iLCJ0diI6MSwiaWF0IjoxNzYwNTIyNjMwLCJleHAiOjE3NjExMjc0MzB9.gpIBNFMcZVX8t4nRJ7fHwBaBbekZpMOBx-ksmXBJwig
[attachUser] extracted token? true
[attachUser] jwt payload = {
  id: '1',
  username: 'Lisa',
  role: 'admin',
  tv: 1,
  iat: 1760522630,
  exp: 1761127430
}
[attachUser] db rows len = 1  first = {
  id: '1',
  username: 'Lisa',
  role_id: 1,
  token_version: 1,
  role_code: 'admin',
  role_label: '系統管理員'
}
[0mPOST /api/auth/change-password [32m200[0m 633.219 ms - 59[0m
[attachUser] headers.cookie = auth=eyJhbGciOiJIUzI1NiIsInR5cCI6IkpXVCJ9.eyJpZCI6IjEiLCJ1c2VybmFtZSI6Ikxpc2EiLCJyb2xlIjoiYWRtaW4iLCJ0diI6MiwiaWF0IjoxNzYwNTIyNjQwLCJleHAiOjE3NjExMjc0NDB9.rRg_WoEfDV-4i-nz0kw7j0g-dxUdMePxYDmOeMNhDCQ
[attachUser] extracted token? true
[attachUser] jwt payload = {
  id: '1',
  username: 'Lisa',
  role: 'admin',
  tv: 2,
  iat: 1760522640,
  exp: 1761127440
}
[attachUser] db rows len = 1  first = {
  id: '1',
  username: 'Lisa',
  role_id: 1,
  token_version: 2,
  role_code: 'admin',
  role_label: '系統管理員'
}
[0mPOST /api/auth/logout [32m200[0m 1.033 ms - 11[0m
[0mGET /login.html [36m304[0m 0.523 ms - -[0m
[attachUser] headers.cookie = null
[attachUser] extracted token? false
[0mPOST /api/auth/login [32m200[0m 195.579 ms - 377[0m
[0mGET /home.html?username=Lisa [36m304[0m 0.261 ms - -[0m
[attachUser] headers.cookie = auth=eyJhbGciOiJIUzI1NiIsInR5cCI6IkpXVCJ9.eyJpZCI6IjEiLCJ1c2VybmFtZSI6Ikxpc2EiLCJyb2xlIjoiYWRtaW4iLCJ0diI6MiwiaWF0IjoxNzYwNTIyNjQ2LCJleHAiOjE3NjExMjc0NDZ9.HzxjvCiHIn2Mh5dCqBwagGq2WrLTp8YXxf1lZ1pjqK4
[attachUser] extracted token? true
[attachUser] jwt payload = {
  id: '1',
  username: 'Lisa',
  role: 'admin',
  tv: 2,
  iat: 1760522646,
  exp: 1761127446
}
[attachUser] db rows len = 1  first = {
  id: '1',
  username: 'Lisa',
  role_id: 1,
  token_version: 2,
  role_code: 'admin',
  role_label: '系統管理員'
}
[0mGET /api/auth/me [36m304[0m 2.647 ms - -[0m
[attachUser] headers.cookie = auth=eyJhbGciOiJIUzI1NiIsInR5cCI6IkpXVCJ9.eyJpZCI6IjEiLCJ1c2VybmFtZSI6Ikxpc2EiLCJyb2xlIjoiYWRtaW4iLCJ0diI6MiwiaWF0IjoxNzYwNTIyNjQ2LCJleHAiOjE3NjExMjc0NDZ9.HzxjvCiHIn2Mh5dCqBwagGq2WrLTp8YXxf1lZ1pjqK4
[attachUser] extracted token? true
[attachUser] jwt payload = {
  id: '1',
  username: 'Lisa',
  role: 'admin',
  tv: 2,
  iat: 1760522646,
  exp: 1761127446
}
[attachUser] db rows len = 1  first = {
  id: '1',
  username: 'Lisa',
  role_id: 1,
  token_version: 2,
  role_code: 'admin',
  role_label: '系統管理員'
}
[0mGET /api/projects [36m304[0m 3.773 ms - -[0m
[attachUser] headers.cookie = auth=eyJhbGciOiJIUzI1NiIsInR5cCI6IkpXVCJ9.eyJpZCI6IjEiLCJ1c2VybmFtZSI6Ikxpc2EiLCJyb2xlIjoiYWRtaW4iLCJ0diI6MiwiaWF0IjoxNzYwNTIyNjQ2LCJleHAiOjE3NjExMjc0NDZ9.HzxjvCiHIn2Mh5dCqBwagGq2WrLTp8YXxf1lZ1pjqK4
[attachUser] extracted token? true
[attachUser] jwt payload = {
  id: '1',
  username: 'Lisa',
  role: 'admin',
  tv: 2,
  iat: 1760522646,
  exp: 1761127446
}
[attachUser] db rows len = 1  first = {
  id: '1',
  username: 'Lisa',
  role_id: 1,
  token_version: 2,
  role_code: 'admin',
  role_label: '系統管理員'
}
[0mPOST /api/auth/logout [32m200[0m 36.559 ms - 11[0m
[0mGET /login.html [36m304[0m 0.241 ms - -[0m
[attachUser] headers.cookie = null
[attachUser] extracted token? false
[0mPOST /api/auth/login [32m200[0m 195.875 ms - 389[0m
[0mGET /home.html?username=Harrison [36m304[0m 0.206 ms - -[0m
[attachUser] headers.cookie = auth=eyJhbGciOiJIUzI1NiIsInR5cCI6IkpXVCJ9.eyJpZCI6IjIiLCJ1c2VybmFtZSI6IkhhcnJpc29uIiwicm9sZSI6Im1lbWJlciIsInR2IjowLCJpYXQiOjE3NjA1MjI3MDAsImV4cCI6MTc2MTEyNzUwMH0.5gnPUNdp4bGQerRcWxVSAxDBP-HzW9h2dVznn7RLjKE
[attachUser] extracted token? true
[attachUser] jwt payload = {
  id: '2',
  username: 'Harrison',
  role: 'member',
  tv: 0,
  iat: 1760522700,
  exp: 1761127500
}
[attachUser] db rows len = 1  first = {
  id: '2',
  username: 'Harrison',
  role_id: 2,
  token_version: 0,
  role_code: 'member',
  role_label: '一般會員'
}
[0mGET /api/auth/me [32m200[0m 1.845 ms - 67[0m
[attachUser] headers.cookie = auth=eyJhbGciOiJIUzI1NiIsInR5cCI6IkpXVCJ9.eyJpZCI6IjIiLCJ1c2VybmFtZSI6IkhhcnJpc29uIiwicm9sZSI6Im1lbWJlciIsInR2IjowLCJpYXQiOjE3NjA1MjI3MDAsImV4cCI6MTc2MTEyNzUwMH0.5gnPUNdp4bGQerRcWxVSAxDBP-HzW9h2dVznn7RLjKE
[attachUser] extracted token? true
[attachUser] jwt payload = {
  id: '2',
  username: 'Harrison',
  role: 'member',
  tv: 0,
  iat: 1760522700,
  exp: 1761127500
}
[attachUser] db rows len = 1  first = {
  id: '2',
  username: 'Harrison',
  role_id: 2,
  token_version: 0,
  role_code: 'member',
  role_label: '一般會員'
}
[0mGET /api/projects [31m500[0m 2.243 ms - 80[0m
[attachUser] headers.cookie = auth=eyJhbGciOiJIUzI1NiIsInR5cCI6IkpXVCJ9.eyJpZCI6IjIiLCJ1c2VybmFtZSI6IkhhcnJpc29uIiwicm9sZSI6Im1lbWJlciIsInR2IjowLCJpYXQiOjE3NjA1MjI3MDAsImV4cCI6MTc2MTEyNzUwMH0.5gnPUNdp4bGQerRcWxVSAxDBP-HzW9h2dVznn7RLjKE
[attachUser] extracted token? true
[attachUser] jwt payload = {
  id: '2',
  username: 'Harrison',
  role: 'member',
  tv: 0,
  iat: 1760522700,
  exp: 1761127500
}
[attachUser] db rows len = 1  first = {
  id: '2',
  username: 'Harrison',
  role_id: 2,
  token_version: 0,
  role_code: 'member',
  role_label: '一般會員'
}
[0mGET /api/_whoami [36m304[0m 1.051 ms - -[0m
[attachUser] headers.cookie = auth=eyJhbGciOiJIUzI1NiIsInR5cCI6IkpXVCJ9.eyJpZCI6IjIiLCJ1c2VybmFtZSI6IkhhcnJpc29uIiwicm9sZSI6Im1lbWJlciIsInR2IjowLCJpYXQiOjE3NjA1MjI3MDAsImV4cCI6MTc2MTEyNzUwMH0.5gnPUNdp4bGQerRcWxVSAxDBP-HzW9h2dVznn7RLjKE
[attachUser] extracted token? true
[attachUser] jwt payload = {
  id: '2',
  username: 'Harrison',
  role: 'member',
  tv: 0,
  iat: 1760522700,
  exp: 1761127500
}
[attachUser] db rows len = 1  first = {
  id: '2',
  username: 'Harrison',
  role_id: 2,
  token_version: 0,
  role_code: 'member',
  role_label: '一般會員'
}
[0mGET /api/projects [31m500[0m 1.826 ms - 80[0m
[0mGET /login.html [36m304[0m 0.278 ms - -[0m
[attachUser] headers.cookie = auth=eyJhbGciOiJIUzI1NiIsInR5cCI6IkpXVCJ9.eyJpZCI6IjIiLCJ1c2VybmFtZSI6IkhhcnJpc29uIiwicm9sZSI6Im1lbWJlciIsInR2IjowLCJpYXQiOjE3NjA1MjI3MDAsImV4cCI6MTc2MTEyNzUwMH0.5gnPUNdp4bGQerRcWxVSAxDBP-HzW9h2dVznn7RLjKE
[attachUser] extracted token? true
[attachUser] jwt payload = {
  id: '2',
  username: 'Harrison',
  role: 'member',
  tv: 0,
  iat: 1760522700,
  exp: 1761127500
}
[attachUser] db rows len = 1  first = {
  id: '2',
  username: 'Harrison',
  role_id: 2,
  token_version: 0,
  role_code: 'member',
  role_label: '一般會員'
}
[0mPOST /api/auth/login [32m200[0m 232.822 ms - 389[0m
[0mGET /home.html?username=Harrison [36m304[0m 0.208 ms - -[0m
[attachUser] headers.cookie = auth=eyJhbGciOiJIUzI1NiIsInR5cCI6IkpXVCJ9.eyJpZCI6IjIiLCJ1c2VybmFtZSI6IkhhcnJpc29uIiwicm9sZSI6Im1lbWJlciIsInR2IjowLCJpYXQiOjE3NjA1MjI4NTQsImV4cCI6MTc2MTEyNzY1NH0.5Pw21t67MCGN8YyOiUTDj7HlDSkGiX07c-r2HEOQpAo
[attachUser] extracted token? true
[attachUser] jwt payload = {
  id: '2',
  username: 'Harrison',
  role: 'member',
  tv: 0,
  iat: 1760522854,
  exp: 1761127654
}
[attachUser] db rows len = 1  first = {
  id: '2',
  username: 'Harrison',
  role_id: 2,
  token_version: 0,
  role_code: 'member',
  role_label: '一般會員'
}
[0mGET /api/auth/me [36m304[0m 1.682 ms - -[0m
[attachUser] headers.cookie = auth=eyJhbGciOiJIUzI1NiIsInR5cCI6IkpXVCJ9.eyJpZCI6IjIiLCJ1c2VybmFtZSI6IkhhcnJpc29uIiwicm9sZSI6Im1lbWJlciIsInR2IjowLCJpYXQiOjE3NjA1MjI4NTQsImV4cCI6MTc2MTEyNzY1NH0.5Pw21t67MCGN8YyOiUTDj7HlDSkGiX07c-r2HEOQpAo
[attachUser] extracted token? true
[attachUser] jwt payload = {
  id: '2',
  username: 'Harrison',
  role: 'member',
  tv: 0,
  iat: 1760522854,
  exp: 1761127654
}
[attachUser] db rows len = 1  first = {
  id: '2',
  username: 'Harrison',
  role_id: 2,
  token_version: 0,
  role_code: 'member',
  role_label: '一般會員'
}
[0mGET /api/projects [31m500[0m 1.564 ms - 80[0m
[0mGET /login.html [36m304[0m 0.266 ms - -[0m
