[dotenv@17.2.2] injecting env (4) from .env -- tip: ⚙️  specify custom .env file path with { path: '/custom/path/.env' }
[BOOT main] pid: 9952 cwd: C:\Users\USER\Desktop\CODE\designer
[routes] responsibleuser loaded
[ENV] { NODE_ENV: undefined, isProd: false }
API on http://0.0.0.0:3000 [build:1760941058510]
   Try: /health
   Try: /api/db/ping
[DB] Connected successfully ✅
[0mGET /api/responsible-user/options [36m304[0m 46.303 ms - -[0m
[0mPATCH /api/projects/24 [32m200[0m 15.523 ms - 375[0m
[0mGET /api/projects [32m200[0m 3.292 ms - 1425[0m
[0mGET /api/projects/31/stage-plan [33m400[0m 4.008 ms - 58[0m
[0mGET /api/projects/21/stage-plan [36m304[0m 31.214 ms - -[0m
[0mGET /api/projects/24/stage-plan [32m200[0m 54.506 ms - 1205[0m
[0mGET /api/projects/23/stage-plan [36m304[0m 54.837 ms - -[0m
[0mGET /api/responsible-user/options [36m304[0m 2.437 ms - -[0m
[0mGET /home.html?username=Lisa [36m304[0m 0.816 ms - -[0m
[0mGET /api/auth/me [36m304[0m 44.946 ms - -[0m
[0mGET /api/projects [36m304[0m 3.488 ms - -[0m
[0mGET /api/projects/23/stage-plan [36m304[0m 9.872 ms - -[0m
[0mGET /api/projects/24/stage-plan [36m304[0m 55.263 ms - -[0m
[0mGET /api/projects/31/stage-plan [33m400[0m 56.704 ms - 58[0m
[0mGET /api/projects/21/stage-plan [36m304[0m 61.634 ms - -[0m
[0mGET /home.html?username=Lisa [36m304[0m 0.491 ms - -[0m
[0mGET /api/auth/me [36m304[0m 4.215 ms - -[0m
[0mGET /api/projects [36m304[0m 1.904 ms - -[0m
[0mGET /api/projects/31/stage-plan [33m400[0m 4.316 ms - 58[0m
[0mGET /api/projects/24/stage-plan [36m304[0m 7.986 ms - -[0m
[0mGET /api/projects/23/stage-plan [36m304[0m 12.851 ms - -[0m
[0mGET /api/projects/21/stage-plan [36m304[0m 20.575 ms - -[0m
[0mGET /home.html?username=Lisa [36m304[0m 0.250 ms - -[0m
[0mGET /api/auth/me [36m304[0m 1.874 ms - -[0m
[0mGET /api/projects [36m304[0m 1.978 ms - -[0m
[0mGET /api/projects/31/stage-plan [33m400[0m 4.529 ms - 58[0m
[0mGET /api/projects/23/stage-plan [36m304[0m 11.267 ms - -[0m
[0mGET /api/projects/21/stage-plan [36m304[0m 13.666 ms - -[0m
[0mGET /api/projects/24/stage-plan [36m304[0m 16.321 ms - -[0m
