[dotenv@17.2.2] injecting env (4) from .env -- tip: 📡 observe env with Radar: https://dotenvx.com/radar
[BOOT main] pid: 2768 cwd: C:\Users\USER\Desktop\CODE\designer
[routes] responsibleuser loaded
[ENV] { NODE_ENV: undefined, isProd: false }
API on http://0.0.0.0:3000 [build:1760010005135]
   Try: /health
   Try: /api/db/ping
[DB] Connected successfully ✅
[0mGET /home.html?username=Lisa [32m200[0m 4.460 ms - 53590[0m
[REQ] GET /api/me?username=Lisa
[0mGET /home.html?username=Lisa [36m304[0m 0.402 ms - -[0m
[0mGET /api/me?username=Lisa [0m-[0m - ms - -[0m
[REQ] GET /api/me?username=Lisa
[0mGET /api/me?username=Lisa [32m200[0m 1.911 ms - 91[0m
[REQ] GET /api/projects
[0mGET /api/projects [32m200[0m 5.847 ms - 1377[0m
[0mGET /home.html?username=Lisa [36m304[0m 0.339 ms - -[0m
[REQ] GET /api/me?username=Lisa
[0mGET /api/me?username=Lisa [36m304[0m 1.268 ms - -[0m
[REQ] GET /api/projects
[0mGET /api/projects [36m304[0m 1.600 ms - -[0m
[REQ] GET /api/responsible-user/options
[0mGET /api/responsible-user/options [36m304[0m 1.793 ms - -[0m
[0mGET /home.html?username=Lisa [36m304[0m 0.297 ms - -[0m
[REQ] GET /api/me?username=Lisa
[0mGET /api/me?username=Lisa [36m304[0m 39.485 ms - -[0m
[REQ] GET /api/projects
[0mGET /api/projects [36m304[0m 3.307 ms - -[0m
[REQ] GET /api/responsible-user/options
[0mGET /api/responsible-user/options [36m304[0m 1.643 ms - -[0m
[REQ] GET /api/responsible-user/options
[0mGET /api/responsible-user/options [36m304[0m 1.089 ms - -[0m
