[dotenv@17.2.2] injecting env (4) from .env -- tip: ⚙️  enable debug logging with { debug: true }
[BOOT main] pid: 3288 cwd: C:\Users\USER\Desktop\CODE\designer
[routes] responsibleuser loaded
[ENV] { NODE_ENV: undefined, isProd: false }
API on http://0.0.0.0:3000 [build:1760011359876]
   Try: /health
   Try: /api/db/ping
[DB] Connected successfully ✅
[0mGET /home.html?username=Lisa [32m200[0m 4.508 ms - 53773[0m
[0mGET /api/me?username=Lisa [36m304[0m 8.780 ms - -[0m
[0mGET /api/projects [36m304[0m 5.673 ms - -[0m
[0mGET /api/responsible-user/options [36m304[0m 1.692 ms - -[0m
[0mGET /api/responsible-user/options [36m304[0m 37.394 ms - -[0m
[0mGET /api/responsible-user/options [36m304[0m 1.588 ms - -[0m
[0mGET /api/responsible-user/options [36m304[0m 1.019 ms - -[0m
[0mGET /api/responsible-user/options [36m304[0m 1.183 ms - -[0m
[0mGET /api/responsible-user/options [36m304[0m 1.039 ms - -[0m
[0mGET /home.html?username=Lisa [32m200[0m 0.856 ms - 54206[0m
[0mGET /api/me?username=Lisa [36m304[0m 40.940 ms - -[0m
[0mGET /api/projects [36m304[0m 3.510 ms - -[0m
[0mGET /home.html?username=Lisa [36m304[0m 0.343 ms - -[0m
[0mGET /api/me?username=Lisa [36m304[0m 1.035 ms - -[0m
[0mGET /api/projects [36m304[0m 1.342 ms - -[0m
[0mGET /api/responsible-user/options [36m304[0m 1.340 ms - -[0m
