[dotenv@17.2.2] injecting env (4) from .env -- tip: ⚙️  load multiple .env files with { path: ['.env.local', '.env'] }
[BOOT main] pid: 1848 cwd: C:\Users\USER\Desktop\CODE\designer
[routes] responsibleuser loaded
[ENV] { NODE_ENV: undefined, isProd: false }
API on http://0.0.0.0:3000 [build:1760515586117]
   Try: /health
   Try: /api/db/ping
[DB] Connected successfully ✅
[0mGET /login.html [36m304[0m 3.763 ms - -[0m
[0mPOST /api/auth/login [33m400[0m 246.508 ms - 42[0m
[0mPOST /api/auth/login [32m200[0m 197.244 ms - 377[0m
[0mGET /home.html?username=Lisa [36m304[0m 0.356 ms - -[0m
[0mGET /api/auth/me [36m304[0m 2.261 ms - -[0m
[0mGET /api/projects [33m401[0m 0.740 ms - 59[0m
[0mGET /api/debug/auth-headers [32m200[0m 0.726 ms - 282[0m
[0mGET /api/debug/auth-headers [36m304[0m 0.651 ms - -[0m
[0mGET /api/projects [33m401[0m 0.787 ms - 59[0m
[0mPOST /api/auth/logout [32m200[0m 0.845 ms - 11[0m
[0mGET /login.html [36m304[0m 0.271 ms - -[0m
[0mPOST /api/auth/login [32m200[0m 231.296 ms - 377[0m
[0mGET /home.html?username=Lisa [36m304[0m 0.286 ms - -[0m
[0mGET /api/auth/me [36m304[0m 2.509 ms - -[0m
[0mGET /api/projects [33m401[0m 0.650 ms - 59[0m
[0mGET /api/projects [33m401[0m 0.626 ms - 59[0m
[0mGET /api/debug/auth-headers [32m200[0m 0.595 ms - 282[0m
[0mGET /api/debug/auth-headers [36m304[0m 0.547 ms - -[0m
