[dotenv@17.2.2] injecting env (4) from .env -- tip: 🔐 prevent committing .env to code: https://dotenvx.com/precommit
[BOOT main] pid: 11208 cwd: C:\Users\USER\Desktop\CODE\designer
[routes] responsibleuser loaded
[ENV] { NODE_ENV: undefined, isProd: false }
API on http://0.0.0.0:3000 [build:1760523822456]
   Try: /health
   Try: /api/db/ping
[DB] Connected successfully ✅
[attachUser] headers.cookie = auth=eyJhbGciOiJIUzI1NiIsInR5cCI6IkpXVCJ9.eyJpZCI6IjIiLCJ1c2VybmFtZSI6IkhhcnJpc29uIiwicm9sZSI6Im1lbWJlciIsInR2IjowLCJpYXQiOjE3NjA1MjM3OTYsImV4cCI6MTc2MTEyODU5Nn0.0MeIpEuBTLNaJuRn-rfkZNKbwjPyFRyAEBIaDJwD2xE
[attachUser] extracted token? true
[attachUser] jwt payload = {
  id: '2',
  username: 'Harrison',
  role: 'member',
  tv: 0,
  iat: 1760523796,
  exp: 1761128596
}
[attachUser] db rows len = 1  first = {
  id: '2',
  username: 'Harrison',
  role_id: 2,
  token_version: 0,
  role_code: 'member',
  role_label: '一般會員'
}
[0mGET /api/responsible-user/options [33m404[0m 10.561 ms - 73[0m
[attachUser] headers.cookie = auth=eyJhbGciOiJIUzI1NiIsInR5cCI6IkpXVCJ9.eyJpZCI6IjIiLCJ1c2VybmFtZSI6IkhhcnJpc29uIiwicm9sZSI6Im1lbWJlciIsInR2IjowLCJpYXQiOjE3NjA1MjM3OTYsImV4cCI6MTc2MTEyODU5Nn0.0MeIpEuBTLNaJuRn-rfkZNKbwjPyFRyAEBIaDJwD2xE
[attachUser] extracted token? true
[attachUser] jwt payload = {
  id: '2',
  username: 'Harrison',
  role: 'member',
  tv: 0,
  iat: 1760523796,
  exp: 1761128596
}
[attachUser] db rows len = 1  first = {
  id: '2',
  username: 'Harrison',
  role_id: 2,
  token_version: 0,
  role_code: 'member',
  role_label: '一般會員'
}
[0mGET /api/responsible-user/options [33m404[0m 2.122 ms - 73[0m
[attachUser] headers.cookie = auth=eyJhbGciOiJIUzI1NiIsInR5cCI6IkpXVCJ9.eyJpZCI6IjIiLCJ1c2VybmFtZSI6IkhhcnJpc29uIiwicm9sZSI6Im1lbWJlciIsInR2IjowLCJpYXQiOjE3NjA1MjM3OTYsImV4cCI6MTc2MTEyODU5Nn0.0MeIpEuBTLNaJuRn-rfkZNKbwjPyFRyAEBIaDJwD2xE
[attachUser] extracted token? true
[attachUser] jwt payload = {
  id: '2',
  username: 'Harrison',
  role: 'member',
  tv: 0,
  iat: 1760523796,
  exp: 1761128596
}
[attachUser] db rows len = 1  first = {
  id: '2',
  username: 'Harrison',
  role_id: 2,
  token_version: 0,
  role_code: 'member',
  role_label: '一般會員'
}
[0mGET /api/responsible-user/options [33m404[0m 1.774 ms - 73[0m
[attachUser] headers.cookie = auth=eyJhbGciOiJIUzI1NiIsInR5cCI6IkpXVCJ9.eyJpZCI6IjIiLCJ1c2VybmFtZSI6IkhhcnJpc29uIiwicm9sZSI6Im1lbWJlciIsInR2IjowLCJpYXQiOjE3NjA1MjM3OTYsImV4cCI6MTc2MTEyODU5Nn0.0MeIpEuBTLNaJuRn-rfkZNKbwjPyFRyAEBIaDJwD2xE
[attachUser] extracted token? true
[attachUser] jwt payload = {
  id: '2',
  username: 'Harrison',
  role: 'member',
  tv: 0,
  iat: 1760523796,
  exp: 1761128596
}
[attachUser] db rows len = 1  first = {
  id: '2',
  username: 'Harrison',
  role_id: 2,
  token_version: 0,
  role_code: 'member',
  role_label: '一般會員'
}
[0mPOST /api/auth/logout [32m200[0m 1.833 ms - 11[0m
[0mGET /login.html [36m304[0m 0.906 ms - -[0m
[attachUser] headers.cookie = null
[attachUser] extracted token? false
[0mPOST /api/auth/login [33m400[0m 203.357 ms - 42[0m
[attachUser] headers.cookie = null
[attachUser] extracted token? false
[0mPOST /api/auth/login [32m200[0m 197.629 ms - 377[0m
[0mGET /home.html?username=Lisa [36m304[0m 0.293 ms - -[0m
[attachUser] headers.cookie = auth=eyJhbGciOiJIUzI1NiIsInR5cCI6IkpXVCJ9.eyJpZCI6IjEiLCJ1c2VybmFtZSI6Ikxpc2EiLCJyb2xlIjoiYWRtaW4iLCJ0diI6MiwiaWF0IjoxNzYwNTIzODUwLCJleHAiOjE3NjExMjg2NTB9.LHp4bwwf7mxbu2Ovz9nVExzE5p1BiBzdB-JbbaiTYpc
[attachUser] extracted token? true
[attachUser] jwt payload = {
  id: '1',
  username: 'Lisa',
  role: 'admin',
  tv: 2,
  iat: 1760523850,
  exp: 1761128650
}
[attachUser] db rows len = 1  first = {
  id: '1',
  username: 'Lisa',
  role_id: 1,
  token_version: 2,
  role_code: 'admin',
  role_label: '系統管理員'
}
[0mGET /api/auth/me [32m200[0m 3.536 ms - 62[0m
[attachUser] headers.cookie = auth=eyJhbGciOiJIUzI1NiIsInR5cCI6IkpXVCJ9.eyJpZCI6IjEiLCJ1c2VybmFtZSI6Ikxpc2EiLCJyb2xlIjoiYWRtaW4iLCJ0diI6MiwiaWF0IjoxNzYwNTIzODUwLCJleHAiOjE3NjExMjg2NTB9.LHp4bwwf7mxbu2Ovz9nVExzE5p1BiBzdB-JbbaiTYpc
[attachUser] extracted token? true
[attachUser] jwt payload = {
  id: '1',
  username: 'Lisa',
  role: 'admin',
  tv: 2,
  iat: 1760523850,
  exp: 1761128650
}
[attachUser] db rows len = 1  first = {
  id: '1',
  username: 'Lisa',
  role_id: 1,
  token_version: 2,
  role_code: 'admin',
  role_label: '系統管理員'
}
[0mGET /api/projects [32m200[0m 4.406 ms - 1377[0m
[attachUser] headers.cookie = auth=eyJhbGciOiJIUzI1NiIsInR5cCI6IkpXVCJ9.eyJpZCI6IjEiLCJ1c2VybmFtZSI6Ikxpc2EiLCJyb2xlIjoiYWRtaW4iLCJ0diI6MiwiaWF0IjoxNzYwNTIzODUwLCJleHAiOjE3NjExMjg2NTB9.LHp4bwwf7mxbu2Ovz9nVExzE5p1BiBzdB-JbbaiTYpc
[attachUser] extracted token? true
[attachUser] jwt payload = {
  id: '1',
  username: 'Lisa',
  role: 'admin',
  tv: 2,
  iat: 1760523850,
  exp: 1761128650
}
[attachUser] db rows len = 1  first = {
  id: '1',
  username: 'Lisa',
  role_id: 1,
  token_version: 2,
  role_code: 'admin',
  role_label: '系統管理員'
}
[0mGET /api/responsible-user/options [33m404[0m 1.909 ms - 73[0m
[attachUser] headers.cookie = auth=eyJhbGciOiJIUzI1NiIsInR5cCI6IkpXVCJ9.eyJpZCI6IjEiLCJ1c2VybmFtZSI6Ikxpc2EiLCJyb2xlIjoiYWRtaW4iLCJ0diI6MiwiaWF0IjoxNzYwNTIzODUwLCJleHAiOjE3NjExMjg2NTB9.LHp4bwwf7mxbu2Ovz9nVExzE5p1BiBzdB-JbbaiTYpc
[attachUser] extracted token? true
[attachUser] jwt payload = {
  id: '1',
  username: 'Lisa',
  role: 'admin',
  tv: 2,
  iat: 1760523850,
  exp: 1761128650
}
[attachUser] db rows len = 1  first = {
  id: '1',
  username: 'Lisa',
  role_id: 1,
  token_version: 2,
  role_code: 'admin',
  role_label: '系統管理員'
}
[0mGET /api/responsible-user/options [33m404[0m 1.378 ms - 73[0m
[0mGET /home.html?username=Lisa [32m200[0m 3.230 ms - 57063[0m
[attachUser] headers.cookie = auth=eyJhbGciOiJIUzI1NiIsInR5cCI6IkpXVCJ9.eyJpZCI6IjEiLCJ1c2VybmFtZSI6Ikxpc2EiLCJyb2xlIjoiYWRtaW4iLCJ0diI6MiwiaWF0IjoxNzYwNTIzODUwLCJleHAiOjE3NjExMjg2NTB9.LHp4bwwf7mxbu2Ovz9nVExzE5p1BiBzdB-JbbaiTYpc
[attachUser] extracted token? true
[attachUser] jwt payload = {
  id: '1',
  username: 'Lisa',
  role: 'admin',
  tv: 2,
  iat: 1760523850,
  exp: 1761128650
}
[attachUser] db rows len = 1  first = {
  id: '1',
  username: 'Lisa',
  role_id: 1,
  token_version: 2,
  role_code: 'admin',
  role_label: '系統管理員'
}
[0mGET /api/auth/me [36m304[0m 41.029 ms - -[0m
[attachUser] headers.cookie = auth=eyJhbGciOiJIUzI1NiIsInR5cCI6IkpXVCJ9.eyJpZCI6IjEiLCJ1c2VybmFtZSI6Ikxpc2EiLCJyb2xlIjoiYWRtaW4iLCJ0diI6MiwiaWF0IjoxNzYwNTIzODUwLCJleHAiOjE3NjExMjg2NTB9.LHp4bwwf7mxbu2Ovz9nVExzE5p1BiBzdB-JbbaiTYpc
[attachUser] extracted token? true
[attachUser] jwt payload = {
  id: '1',
  username: 'Lisa',
  role: 'admin',
  tv: 2,
  iat: 1760523850,
  exp: 1761128650
}
[attachUser] db rows len = 1  first = {
  id: '1',
  username: 'Lisa',
  role_id: 1,
  token_version: 2,
  role_code: 'admin',
  role_label: '系統管理員'
}
[0mGET /api/projects [36m304[0m 3.995 ms - -[0m
[attachUser] headers.cookie = auth=eyJhbGciOiJIUzI1NiIsInR5cCI6IkpXVCJ9.eyJpZCI6IjEiLCJ1c2VybmFtZSI6Ikxpc2EiLCJyb2xlIjoiYWRtaW4iLCJ0diI6MiwiaWF0IjoxNzYwNTIzODUwLCJleHAiOjE3NjExMjg2NTB9.LHp4bwwf7mxbu2Ovz9nVExzE5p1BiBzdB-JbbaiTYpc
[attachUser] extracted token? true
[attachUser] jwt payload = {
  id: '1',
  username: 'Lisa',
  role: 'admin',
  tv: 2,
  iat: 1760523850,
  exp: 1761128650
}
[attachUser] db rows len = 1  first = {
  id: '1',
  username: 'Lisa',
  role_id: 1,
  token_version: 2,
  role_code: 'admin',
  role_label: '系統管理員'
}
[0mGET /api/responsible-user/options [33m404[0m 1.745 ms - 73[0m
